<?xml version="1.0" encoding="UTF-8"?>
<robot generator="Robot 7.1.1 (Python 3.12.2 on win32)" generated="2024-11-17T18:11:46.041012" rpa="false" schemaversion="5">
<suite id="s1" name="Robot-Framework-Web-Automation" source="C:\Users\mehme\IdeaProjects\robot-framework-web-automation">
<suite id="s1-s1" name="TestSuite" source="C:\Users\mehme\IdeaProjects\robot-framework-web-automation\TestSuite">
<suite id="s1-s1-s1" name="SearchTest" source="C:\Users\mehme\IdeaProjects\robot-framework-web-automation\TestSuite\SearchTest.robot">
<test id="s1-s1-s1-t1" name="Select Firsts Product" line="14">
<kw name="Launch Application" owner="SearchKeywords">
<kw name="Open Browser" owner="SeleniumLibrary">
<msg time="2024-11-17T18:11:46.292407" level="INFO">Opening browser 'Chrome' to base url 'https://www.amazon.com.tr/'.</msg>
<arg>${URL}</arg>
<arg>${BROWSER}</arg>
<doc>Opens a new browser instance to the optional ``url``.</doc>
<status status="PASS" start="2024-11-17T18:11:46.292407" elapsed="3.516135"/>
</kw>
<kw name="Maximize Browser Window" owner="SeleniumLibrary">
<doc>Maximizes current browser window.</doc>
<status status="PASS" start="2024-11-17T18:11:49.808542" elapsed="0.051654"/>
</kw>
<status status="PASS" start="2024-11-17T18:11:46.291410" elapsed="3.568786"/>
</kw>
<kw name="Accept Cookies" owner="SearchKeywords">
<kw name="Click Button" owner="SeleniumLibrary">
<msg time="2024-11-17T18:11:49.861193" level="INFO">Clicking button '//input[@id='sp-cc-accept']'.</msg>
<arg>${ACCEPT_COOKIES}</arg>
<doc>Clicks the button identified by ``locator``.</doc>
<status status="PASS" start="2024-11-17T18:11:49.861193" elapsed="0.138945"/>
</kw>
<status status="PASS" start="2024-11-17T18:11:49.860196" elapsed="0.139942"/>
</kw>
<kw name="Search Product" owner="SearchKeywords">
<kw name="Input Text" owner="SeleniumLibrary">
<msg time="2024-11-17T18:11:50.000138" level="INFO">Typing text 'macbook pro m2' into text field '//input[@id='twotabsearchtextbox']'.</msg>
<arg>${SEARCH_BOX}</arg>
<arg>${SearchKeyword}</arg>
<doc>Types the given ``text`` into the text field identified by ``locator``.</doc>
<status status="PASS" start="2024-11-17T18:11:50.000138" elapsed="0.176459"/>
</kw>
<kw name="Click Button" owner="SeleniumLibrary">
<msg time="2024-11-17T18:11:50.176597" level="INFO">Clicking button '//input[@id='nav-search-submit-button']'.</msg>
<arg>${SEARCH_BUTTON}</arg>
<doc>Clicks the button identified by ``locator``.</doc>
<status status="PASS" start="2024-11-17T18:11:50.176597" elapsed="2.309570"/>
</kw>
<status status="PASS" start="2024-11-17T18:11:50.000138" elapsed="2.486029"/>
</kw>
<kw name="Select First Product" owner="SearchKeywords">
<kw name="Get WebElements" owner="SeleniumLibrary">
<msg time="2024-11-17T18:11:52.515807" level="INFO">${elements} = [&lt;selenium.webdriver.remote.webelement.WebElement (session="dfdb5358ff8ff259fa4931e69d331d53", element="f.0C44802F0B4A7DF6CB78ADA4245FA021.d.751F9475B4FC0EE802365E0975DC19B3.e.308")&gt;, &lt;selenium.webdri...</msg>
<var>${elements}</var>
<arg>//div[@class='a-section a-spacing-none a-spacing-top-small s-title-instructions-style']</arg>
<doc>Returns a list of WebElement objects matching the ``locator``.</doc>
<status status="PASS" start="2024-11-17T18:11:52.487164" elapsed="0.028643"/>
</kw>
<for flavor="IN">
<iter>
<kw name="Get Text" owner="SeleniumLibrary">
<msg time="2024-11-17T18:11:52.551322" level="INFO">${text} = Sponsorlu
Apple iPad Air 13 inç (M2): Liquid Retina ekran, 512 GB, Uzun kenarda konumlandırılmış 12 MP Ön Kamera/12 MP Arka Kamera, Wi-Fi 6E, Touch ID, Tüm Gün Süren Pil Ömrü — Mavi</msg>
<var>${text}</var>
<arg>${element}[0]</arg>
<doc>Returns the text value of the element identified by ``locator``.</doc>
<status status="PASS" start="2024-11-17T18:11:52.515807" elapsed="0.035515"/>
</kw>
<kw name="Log" owner="BuiltIn">
<msg time="2024-11-17T18:11:52.551322" level="INFO">Sponsorlu
Apple iPad Air 13 inç (M2): Liquid Retina ekran, 512 GB, Uzun kenarda konumlandırılmış 12 MP Ön Kamera/12 MP Arka Kamera, Wi-Fi 6E, Touch ID, Tüm Gün Süren Pil Ömrü — Mavi</msg>
<arg>${text}</arg>
<doc>Logs the given message with the given level.</doc>
<status status="PASS" start="2024-11-17T18:11:52.551322" elapsed="0.000000"/>
</kw>
<kw name="Click Button" owner="SeleniumLibrary">
<msg time="2024-11-17T18:11:52.551322" level="INFO">Clicking button '&lt;selenium.webdriver.remote.webelement.WebElement (session="dfdb5358ff8ff259fa4931e69d331d53", element="f.0C44802F0B4A7DF6CB78ADA4245FA021.d.751F9475B4FC0EE802365E0975DC19B3.e.308")&gt;'.</msg>
<arg>${element}[0]</arg>
<doc>Clicks the button identified by ``locator``.</doc>
<status status="PASS" start="2024-11-17T18:11:52.551322" elapsed="0.092692"/>
</kw>
<var name="${element}">[&lt;selenium.webdriver.remote.webelement.WebElement (session="dfdb5358ff8ff259fa4931e69d331d53", element="f.0C44802F0B4A7DF6CB78ADA4245FA021.d.751F9475B4FC0EE802365E0975DC19B3.e.308")&gt;, &lt;selenium.webdri...</var>
<status status="PASS" start="2024-11-17T18:11:52.515807" elapsed="0.128207"/>
</iter>
<var>${element}</var>
<value>${elements}</value>
<status status="PASS" start="2024-11-17T18:11:52.515807" elapsed="0.128207"/>
</for>
<kw name="Sleep" owner="BuiltIn">
<msg time="2024-11-17T18:11:55.644128" level="INFO">Slept 3 seconds.</msg>
<arg>3s</arg>
<doc>Pauses the test executed for the given time.</doc>
<status status="PASS" start="2024-11-17T18:11:52.644014" elapsed="3.000114"/>
</kw>
<status status="PASS" start="2024-11-17T18:11:52.487164" elapsed="3.156964"/>
</kw>
<kw name="Close Browser Window" owner="SearchKeywords">
<kw name="Close Browser" owner="SeleniumLibrary">
<doc>Closes the current browser.</doc>
<status status="PASS" start="2024-11-17T18:11:55.644128" elapsed="2.159381"/>
</kw>
<status status="PASS" start="2024-11-17T18:11:55.644128" elapsed="2.159381"/>
</kw>
<status status="PASS" start="2024-11-17T18:11:46.291410" elapsed="11.512099"/>
</test>
<status status="PASS" start="2024-11-17T18:11:46.061246" elapsed="11.743260"/>
</suite>
<status status="PASS" start="2024-11-17T18:11:46.059250" elapsed="11.746405"/>
</suite>
<status status="PASS" start="2024-11-17T18:11:46.042009" elapsed="11.763646"/>
</suite>
<statistics>
<total>
<stat pass="1" fail="0" skip="0">All Tests</stat>
</total>
<tag>
</tag>
<suite>
<stat pass="1" fail="0" skip="0" id="s1" name="Robot-Framework-Web-Automation">Robot-Framework-Web-Automation</stat>
<stat pass="1" fail="0" skip="0" id="s1-s1" name="TestSuite">Robot-Framework-Web-Automation.TestSuite</stat>
<stat pass="1" fail="0" skip="0" id="s1-s1-s1" name="SearchTest">Robot-Framework-Web-Automation.TestSuite.SearchTest</stat>
</suite>
</statistics>
<errors>
</errors>
</robot>
